{
  "stats": {
    "suites": 1,
    "tests": 1,
    "passes": 1,
    "pending": 0,
    "failures": 0,
    "start": "2023-10-19T11:54:12.788Z",
    "end": "2023-10-19T11:54:16.457Z",
    "duration": 3669,
    "testsRegistered": 1,
    "passPercent": 100,
    "pendingPercent": 0,
    "other": 0,
    "hasOther": false,
    "skipped": 0,
    "hasSkipped": false
  },
  "results": [
    {
      "uuid": "2b123754-224a-4766-9231-66a31b641d9c",
      "title": "",
      "fullFile": "cypress\\e2e\\spec.cy.js",
      "file": "cypress\\e2e\\spec.cy.js",
      "beforeHooks": [],
      "afterHooks": [],
      "tests": [],
      "suites": [
        {
          "uuid": "7e1f31a8-ec29-47fe-b7c7-3ca57e02a0b2",
          "title": "template spec",
          "fullFile": "",
          "file": "",
          "beforeHooks": [],
          "afterHooks": [],
          "tests": [
            {
              "title": "MC1 The application shall be implemented as a two-page web application (Start page and Character page). MC2 The initial page of the application shall contain an \"All characters\" button, which, when clicked, navigates to the next page.",
              "fullTitle": "template spec MC1 The application shall be implemented as a two-page web application (Start page and Character page). MC2 The initial page of the application shall contain an \"All characters\" button, which, when clicked, navigates to the next page.",
              "timedOut": null,
              "duration": 1604,
              "state": "passed",
              "speed": "fast",
              "pass": true,
              "fail": false,
              "pending": false,
              "context": null,
              "code": "cy.visit('https://oleksiikav.github.io/MarvelComics_JS/index.html');\ncy.get('.hero-all-characters-btn').as('AllCharacters').should('be.visible');\ncy.get('@AllCharacters').click();\ncy.url().should('include', 'MarvelComics_JS/page-2.html');\ncy.get('.back-home-link').should('be.visible');\ncy.get('#paginated-list').as('paginated-list');\ncy.log('paginated-list'.length);",
              "err": {},
              "uuid": "aba2c033-0505-4773-939d-010fe107b060",
              "parentUUID": "7e1f31a8-ec29-47fe-b7c7-3ca57e02a0b2",
              "isHook": false,
              "skipped": false
            }
          ],
          "suites": [],
          "passes": [
            "aba2c033-0505-4773-939d-010fe107b060"
          ],
          "failures": [],
          "pending": [],
          "skipped": [],
          "duration": 1604,
          "root": false,
          "rootEmpty": false,
          "_timeout": 2000
        }
      ],
      "passes": [],
      "failures": [],
      "pending": [],
      "skipped": [],
      "duration": 0,
      "root": true,
      "rootEmpty": true,
      "_timeout": 2000
    }
  ],
  "meta": {
    "mocha": {
      "version": "7.0.1"
    },
    "mochawesome": {
      "options": {
        "quiet": false,
        "reportFilename": "mochawesome",
        "saveHtml": false,
        "saveJson": true,
        "consoleReporter": "spec",
        "useInlineDiffs": false,
        "code": true
      },
      "version": "7.1.3"
    },
    "marge": {
      "options": {
        "charts": true,
        "overwrite": false,
        "html": false,
        "json": true,
        "reportDir": "cypress/report/mochawesome-report"
      },
      "version": "6.2.0"
    }
  }
}